Principle
- Universal minimal programming language

Version 0.1 -- core
- [x] Type inference
- [x] Compile to JavaScript
- [ ] Type class
- [x] Embedded testing framework
- [x] Embedded types
  - [x] int
  - [ ] float
  - [x] string
  - [x] list
  - [x] dictionary
  - [x] struct
  - [x] algebraic data type
  - [x] set
- [x] No dependency in runtime
- [x] Error handloing

Version 0.3 -- self boot
- [ ] Self booting

Version 0.2 -- io
- [ ] random
- [ ] now
- [ ] time

Version 0.4 -- web development
- [ ] http server
- [ ] mhtml
- [ ] mjs
- [ ] mcss
